2018-05-11 03:00:25 +0000 [MT] Initial pipeline context: <IDEDistributionProcessingPipelineContext: 0x7fc07a165830; archive(resolved)='<IDEArchive: 0x7fc07a072e70>', distributionTask(resolved)='2', distributionMethod(resolved)='<IDEDistributionMethodiOSEnterprise: 0x7fc07a3172b0>', team(resolved)='<IDEProvisioningBasicTeam: 0x7fc07a46f290; teamID='77RUMQS5JP', teamName='(null)'>'>
	Chain (11, self inclusive):
	<IDEDistributionProcessingPipelineContext: 0x7fc07a165830; archive = '<IDEArchive: 0x7fc07a072e70>', distributionMethod='<IDEDistributionMethodiOSEnterprise: 0x7fc07a3172b0>', team='<IDEProvisioningBasicTeam: 0x7fc07a46f290; teamID='77RUMQS5JP', teamName='(null)'>'>
	<IDEDistributionProcessingPipelineContext: 0x7fc07a1635f0; archive = '<IDEArchive: 0x7fc07a072e70>', distributionMethod='<IDEDistributionMethodiOSEnterprise: 0x7fc07a3172b0>', team='<IDEProvisioningBasicTeam: 0x7fc07a46f290; teamID='77RUMQS5JP', teamName='(null)'>'>
	<IDEDistributionContext: 0x7fc07a1634b0; archive = '<IDEArchive: 0x7fc07a072e70>', distributionMethod='<IDEDistributionMethodiOSEnterprise: 0x7fc07a3172b0>', team='<IDEProvisioningBasicTeam: 0x7fc07a46f290; teamID='77RUMQS5JP', teamName='(null)'>'>
	<IDEDistributionContext: 0x7fc0771de960; archive = '<IDEArchive: 0x7fc07a072e70>', distributionMethod='<IDEDistributionMethodiOSEnterprise: 0x7fc07a3172b0>', team='<IDEProvisioningBasicTeam: 0x7fc07a46f290; teamID='77RUMQS5JP', teamName='(null)'>'>
	<IDEDistributionContext: 0x7fc07a0c9970; archive = '<IDEArchive: 0x7fc07a072e70>', distributionMethod='<IDEDistributionMethodiOSEnterprise: 0x7fc07a3172b0>', team='<IDEProvisioningBasicTeam: 0x7fc07a46f290; teamID='77RUMQS5JP', teamName='(null)'>'>
	<IDEDistributionContext: 0x7fc0771dd530; archive = '<IDEArchive: 0x7fc07a072e70>', distributionMethod='<IDEDistributionMethodiOSEnterprise: 0x7fc07a3172b0>', team='<IDEProvisioningBasicTeam: 0x7fc07a46f290; teamID='77RUMQS5JP', teamName='(null)'>'>
	<IDEDistributionContext: 0x7fc0771da1a0; archive = '<IDEArchive: 0x7fc07a072e70>', distributionMethod='<IDEDistributionMethodiOSEnterprise: 0x7fc07a3172b0>', team='<IDEProvisioningBasicTeam: 0x7fc07a46f290; teamID='77RUMQS5JP', teamName='(null)'>'>
	<IDEDistributionContext: 0x7fc0771a1480; archive = '<IDEArchive: 0x7fc07a072e70>', distributionMethod='<IDEDistributionMethodiOSEnterprise: 0x7fc07a3172b0>', team='<IDEProvisioningBasicTeam: 0x7fc07a46f290; teamID='77RUMQS5JP', teamName='(null)'>'>
	<IDEDistributionContext: 0x7fc07a110d30; archive = '<IDEArchive: 0x7fc07a072e70>', distributionMethod='<IDEDistributionMethodiOSEnterprise: 0x7fc07a3172b0>', team='<IDEProvisioningBasicTeam: 0x7fc07a46f290; teamID='77RUMQS5JP', teamName='(null)'>'>
	<IDEDistributionContext: 0x7fc07a3e1c00; archive = '<IDEArchive: 0x7fc07a072e70>', distributionMethod='<IDEDistributionMethodiOSEnterprise: 0x7fc07a3172b0>', team='(null)'>
	<IDEDistributionContext: 0x7fc07a073b70; archive = '<IDEArchive: 0x7fc07a072e70>', distributionMethod='(null)', team='(null)'>
</IDEDistributionProcessingPipelineContext: 0x7fc07a165830>
2018-05-11 03:00:25 +0000 [MT] Processing step: IDEDistributionCreateDestRootStep
2018-05-11 03:00:25 +0000 [MT] Processing step: IDEDistributionCopyItemStep
2018-05-11 03:00:25 +0000 [MT] Running /usr/bin/ditto '-V' '/Users/apple/Desktop/test/dabaoceshi/build/dabaoceshi.xcarchive/Products/Applications/dabaoceshi.app' '/var/folders/f8/17t242kj1zvfyzzv1hf4sg2r0000gn/T/XcodeDistPipeline.ob3/Root/Payload/dabaoceshi.app'
2018-05-11 03:00:25 +0000  >>> Copying /Users/apple/Desktop/test/dabaoceshi/build/dabaoceshi.xcarchive/Products/Applications/dabaoceshi.app 
2018-05-11 03:00:25 +0000  copying file ./_CodeSignature/CodeResources ... 
2018-05-11 03:00:25 +0000  4803 bytes for ./_CodeSignature/CodeResources
2018-05-11 03:00:25 +0000  copying file ./dabaoceshi ... 
2018-05-11 03:00:25 +0000  163616 bytes for ./dabaoceshi
2018-05-11 03:00:25 +0000  copying file ./Base.lproj/Main.storyboardc/UIViewController-BYZ-38-t0r.nib ... 
2018-05-11 03:00:25 +0000  916 bytes for ./Base.lproj/Main.storyboardc/UIViewController-BYZ-38-t0r.nib
copying file ./Base.lproj/Main.storyboardc/BYZ-38-t0r-view-8bC-Xf-vdC.nib ... 
2018-05-11 03:00:25 +0000  1987 bytes for ./Base.lproj/Main.storyboardc/BYZ-38-t0r-view-8bC-Xf-vdC.nib
copying file ./Base.lproj/Main.storyboardc/Info.plist ... 
2018-05-11 03:00:25 +0000  258 bytes for ./Base.lproj/Main.storyboardc/Info.plist
2018-05-11 03:00:25 +0000  copying file ./Base.lproj/LaunchScreen.storyboardc/01J-lp-oVM-view-Ze5-6b-2t3.nib ... 
2018-05-11 03:00:25 +0000  1984 bytes for ./Base.lproj/LaunchScreen.storyboardc/01J-lp-oVM-view-Ze5-6b-2t3.nib
copying file ./Base.lproj/LaunchScreen.storyboardc/UIViewController-01J-lp-oVM.nib ... 
2018-05-11 03:00:25 +0000  832 bytes for ./Base.lproj/LaunchScreen.storyboardc/UIViewController-01J-lp-oVM.nib
copying file ./Base.lproj/LaunchScreen.storyboardc/Info.plist ... 
2018-05-11 03:00:25 +0000  258 bytes for ./Base.lproj/LaunchScreen.storyboardc/Info.plist
2018-05-11 03:00:25 +0000  copying file ./embedded.mobileprovision ... 
2018-05-11 03:00:25 +0000  11737 bytes for ./embedded.mobileprovision
copying file ./Info.plist ... 
2018-05-11 03:00:25 +0000  1112 bytes for ./Info.plist
copying file ./PkgInfo ... 
2018-05-11 03:00:25 +0000  8 bytes for ./PkgInfo
2018-05-11 03:00:25 +0000  
2018-05-11 03:00:25 +0000  
2018-05-11 03:00:25 +0000 [MT] /usr/bin/ditto exited with 0
2018-05-11 03:00:25 +0000  
2018-05-11 03:00:25 +0000  2018-05-11 03:00:25 +0000 [MT] Processing step: IDEDistributionEmbedProfileStep

2018-05-11 03:00:25 +0000 [MT] Processing step: IDEDistributionAppThinningPlistStep
2018-05-11 03:00:25 +0000 [MT] Skipping step: IDEDistributionAppThinningPlistStep because it said so
2018-05-11 03:00:25 +0000 [MT] Processing step: IDEDistributionCompileBitcodeStep
2018-05-11 03:00:25 +0000 [MT] Skipping step: IDEDistributionCompileBitcodeStep because it said so
2018-05-11 03:00:25 +0000 [MT] Processing step: IDEDistributionCodeSlimmingStep
2018-05-11 03:00:25 +0000 [MT] Processing step: IDEDistributionCopyBCSymbolMapsStep
2018-05-11 03:00:25 +0000 [MT] Skipping step: IDEDistributionCopyBCSymbolMapsStep because it said so
2018-05-11 03:00:25 +0000 [MT] Processing step: IDEDistributionSymbolsStep
2018-05-11 03:00:25 +0000 [MT] Skipping step: IDEDistributionSymbolsStep because it said so
2018-05-11 03:00:25 +0000 [MT] Processing step: IDEDistributionAppThinningStep
2018-05-11 03:00:25 +0000 [MT] Skipping step: IDEDistributionAppThinningStep because it said so
2018-05-11 03:00:25 +0000 [MT] Processing step: IDEDistributionODRStep
2018-05-11 03:00:25 +0000 [MT] Processing step: IDEDistributionStripXattrsStep
2018-05-11 03:00:25 +0000 [MT] Running /usr/bin/xattr '-crs' '/var/folders/f8/17t242kj1zvfyzzv1hf4sg2r0000gn/T/XcodeDistPipeline.ob3/Root/Payload/dabaoceshi.app'
2018-05-11 03:00:25 +0000  
2018-05-11 03:00:25 +0000  2018-05-11 03:00:25 +0000 [MT] /usr/bin/xattr exited with 0

2018-05-11 03:00:25 +0000  2018-05-11 03:00:25 +0000 [MT] Processing step: IDEDistributionCodesignStep

2018-05-11 03:00:25 +0000 [MT] Entitlements for <IDEDistributionItem: 0x7fc07a46f110 'com.dabaoceshiyun' '<DVTFilePath:0x7fc07a0736a0:'/Users/apple/Desktop/test/dabaoceshi/build/dabaoceshi.xcarchive/Products/Applications/dabaoceshi.app'>'>: {
    "application-identifier" = "77RUMQS5JP.com.dabaoceshiyun";
    "com.apple.developer.team-identifier" = 77RUMQS5JP;
    "get-task-allow" = 0;
    "keychain-access-groups" =     (
        "77RUMQS5JP.com.dabaoceshiyun"
    );
}
2018-05-11 03:00:25 +0000 [MT] Writing entitlements for <IDEDistributionItem: 0x7fc07a46f110 'com.dabaoceshiyun' '<DVTFilePath:0x7fc07a0736a0:'/Users/apple/Desktop/test/dabaoceshi/build/dabaoceshi.xcarchive/Products/Applications/dabaoceshi.app'>'> to: /var/folders/f8/17t242kj1zvfyzzv1hf4sg2r0000gn/T/XcodeDistPipeline.ob3/entitlementsSX7qzT
2018-05-11 03:00:25 +0000 [MT] Running /usr/bin/codesign '-vvv' '--force' '--sign' '97501E2C92B1E4826C6CFA3E60C62BDF367960E9' '--preserve-metadata=identifier,flags' '--entitlements' '/var/folders/f8/17t242kj1zvfyzzv1hf4sg2r0000gn/T/XcodeDistPipeline.ob3/entitlementsSX7qzT' '/var/folders/f8/17t242kj1zvfyzzv1hf4sg2r0000gn/T/XcodeDistPipeline.ob3/Root/Payload/dabaoceshi.app'
2018-05-11 03:00:25 +0000  /var/folders/f8/17t242kj1zvfyzzv1hf4sg2r0000gn/T/XcodeDistPipeline.ob3/Root/Payload/dabaoceshi.app: replacing existing signature
2018-05-11 03:00:25 +0000  /var/folders/f8/17t242kj1zvfyzzv1hf4sg2r0000gn/T/XcodeDistPipeline.ob3/Root/Payload/dabaoceshi.app: signed app bundle with Mach-O universal (armv7 arm64) [com.dabaoceshiyun]
2018-05-11 03:00:25 +0000  
2018-05-11 03:00:25 +0000  
2018-05-11 03:00:25 +0000 [MT] /usr/bin/codesign exited with 0
2018-05-11 03:00:25 +0000  
2018-05-11 03:00:25 +0000  
2018-05-11 03:00:25 +0000 [MT] Processing step: IDEDistributionStreamingZipItemStep
2018-05-11 03:00:25 +0000 [MT] Skipping step: IDEDistributionStreamingZipItemStep because it said so
2018-05-11 03:00:25 +0000 [MT] Processing step: IDEDistributionCreateIPAStep
2018-05-11 03:00:25 +0000 [MT] Running /usr/bin/ditto '-V' '-c' '-k' '--norsrc' '/var/folders/f8/17t242kj1zvfyzzv1hf4sg2r0000gn/T/XcodeDistPipeline.ob3/Root' '/var/folders/f8/17t242kj1zvfyzzv1hf4sg2r0000gn/T/XcodeDistPipeline.ob3/Packages/dabaoceshi.ipa'
2018-05-11 03:00:25 +0000  >>> Copying /var/folders/f8/17t242kj1zvfyzzv1hf4sg2r0000gn/T/XcodeDistPipeline.ob3/Root 
2018-05-11 03:00:25 +0000  copying file ./Payload/dabaoceshi.app/_CodeSignature/CodeResources ... 
2018-05-11 03:00:25 +0000  4803 bytes for ./Payload/dabaoceshi.app/_CodeSignature/CodeResources
2018-05-11 03:00:25 +0000  copying file ./Payload/dabaoceshi.app/dabaoceshi ... 
2018-05-11 03:00:25 +0000  163632 bytes for ./Payload/dabaoceshi.app/dabaoceshi
2018-05-11 03:00:25 +0000  copying file ./Payload/dabaoceshi.app/Base.lproj/Main.storyboardc/UIViewController-BYZ-38-t0r.nib ... 
2018-05-11 03:00:25 +0000  916 bytes for ./Payload/dabaoceshi.app/Base.lproj/Main.storyboardc/UIViewController-BYZ-38-t0r.nib
copying file ./Payload/dabaoceshi.app/Base.lproj/Main.storyboardc/BYZ-38-t0r-view-8bC-Xf-vdC.nib ... 
2018-05-11 03:00:25 +0000  1987 bytes for ./Payload/dabaoceshi.app/Base.lproj/Main.storyboardc/BYZ-38-t0r-view-8bC-Xf-vdC.nib
copying file ./Payload/dabaoceshi.app/Base.lproj/Main.storyboardc/Info.plist ... 
2018-05-11 03:00:25 +0000  258 bytes for ./Payload/dabaoceshi.app/Base.lproj/Main.storyboardc/Info.plist
2018-05-11 03:00:25 +0000  copying file ./Payload/dabaoceshi.app/Base.lproj/LaunchScreen.storyboardc/01J-lp-oVM-view-Ze5-6b-2t3.nib ... 
2018-05-11 03:00:25 +0000  1984 bytes for ./Payload/dabaoceshi.app/Base.lproj/LaunchScreen.storyboardc/01J-lp-oVM-view-Ze5-6b-2t3.nib
copying file ./Payload/dabaoceshi.app/Base.lproj/LaunchScreen.storyboardc/UIViewController-01J-lp-oVM.nib ... 
2018-05-11 03:00:25 +0000  832 bytes for ./Payload/dabaoceshi.app/Base.lproj/LaunchScreen.storyboardc/UIViewController-01J-lp-oVM.nib
copying file ./Payload/dabaoceshi.app/Base.lproj/LaunchScreen.storyboardc/Info.plist ... 
2018-05-11 03:00:25 +0000  258 bytes for ./Payload/dabaoceshi.app/Base.lproj/LaunchScreen.storyboardc/Info.plist
2018-05-11 03:00:25 +0000  copying file ./Payload/dabaoceshi.app/embedded.mobileprovision ... 
2018-05-11 03:00:25 +0000  7542 bytes for ./Payload/dabaoceshi.app/embedded.mobileprovision
copying file ./Payload/dabaoceshi.app/Info.plist ... 
2018-05-11 03:00:25 +0000  1112 bytes for ./Payload/dabaoceshi.app/Info.plist
2018-05-11 03:00:25 +0000  copying file ./Payload/dabaoceshi.app/PkgInfo ... 
8 bytes for ./Payload/dabaoceshi.app/PkgInfo
2018-05-11 03:00:25 +0000  
2018-05-11 03:00:25 +0000  2018-05-11 03:00:25 +0000 [MT] /usr/bin/ditto exited with 0

2018-05-11 03:00:25 +0000  
2018-05-11 03:00:25 +0000 [MT] Processing step: IDEDistributionCreateManifestStep
